<?xml version="1.0" encoding="UTF-8"?>
<testsuite name="UTest" tests="1" skipped="0" failures="0" errors="0" timestamp="2022-11-14T23:05:37" hostname="DESKTOP-Q9FO2A8" time="95.117">
  <properties/>
  <testcase name="EMPTY_NAME" classname="UTest" time="95.117"/>
  <system-out><![CDATA[Welcome to the world's largest community of freelance software testers!]]></system-out>
  <system-err><![CDATA[[Test worker] WARN net.thucydides.core.steps.BaseStepListener - stepStarted: net.thucydides.core.steps.ExecutedStepDescription@1e044120
[Test worker] WARN net.thucydides.core.steps.BaseStepListener - stepStarted: net.thucydides.core.steps.ExecutedStepDescription@655523dd
[Test worker] WARN net.thucydides.core.steps.BaseStepListener - stepStarted: net.thucydides.core.steps.ExecutedStepDescription@44de94c3
nov 14, 2022 6:05:39 PM org.openqa.selenium.remote.DesiredCapabilities chrome
INFORMACIÓN: Using `new ChromeOptions()` is preferred to `DesiredCapabilities.chrome()`
[Test worker] INFO net.serenitybdd.core.webdriver.driverproviders.ProvideNewDriver - Instantiating driver
[Test worker] INFO net.serenitybdd.core.webdriver.driverproviders.ProvideNewDriver - Driver capabilities: Capabilities {acceptInsecureCerts: false, browserName: chrome, chrome.switches: --start-maximized, goog:chromeOptions: {args: [--start-maximized], extensions: []}, loggingPrefs: org.openqa.selenium.logging..., platform: ANY, version: }
Starting ChromeDriver 107.0.5304.62 (1eec40d3a5764881c92085aaee66d25075c159aa-refs/branch-heads/5304@{#942}) on port 25106
Only local connections are allowed.
Please see https://chromedriver.chromium.org/security-considerations for suggestions on keeping ChromeDriver safe.
ChromeDriver was started successfully.
nov 14, 2022 6:05:52 PM org.openqa.selenium.remote.ProtocolHandshake createSession
INFORMACIÓN: Detected dialect: W3C
[Test worker] WARN net.thucydides.core.steps.BaseStepListener - stepFinished: current outcome::Given than Fabian wants be part of UTest [Fabian open up [Fabian opens the U test page]]
[Test worker] WARN net.thucydides.core.steps.BaseStepListener - stepFinished: current outcome::Given than Fabian wants be part of UTest [Fabian open up [Fabian opens the U test page]]
[Test worker] WARN net.thucydides.core.steps.BaseStepListener - stepStarted: net.thucydides.core.steps.ExecutedStepDescription@65bad087
[Test worker] WARN net.thucydides.core.steps.BaseStepListener - stepStarted: net.thucydides.core.steps.ExecutedStepDescription@73aeef7d
[Test worker] WARN net.thucydides.core.steps.BaseStepListener - stepFinished: current outcome::Given than Fabian wants be part of UTest [Fabian open up [Fabian opens the U test page], Fabian sign up [Fabian clicks on Button that shows the form of signup]]
[Test worker] WARN net.thucydides.core.steps.BaseStepListener - stepFinished: current outcome::Given than Fabian wants be part of UTest [Fabian open up [Fabian opens the U test page], Fabian sign up [Fabian clicks on Button that shows the form of signup]]
[Test worker] WARN net.thucydides.core.steps.BaseStepListener - stepFinished: current outcome::Given than Fabian wants be part of UTest [Fabian open up [Fabian opens the U test page], Fabian sign up [Fabian clicks on Button that shows the form of signup]]
[Test worker] WARN net.thucydides.core.steps.BaseStepListener - stepStarted: net.thucydides.core.steps.ExecutedStepDescription@a09303
[Test worker] WARN net.thucydides.core.steps.BaseStepListener - stepStarted: net.thucydides.core.steps.ExecutedStepDescription@2ead6ba4
[Test worker] WARN net.thucydides.core.steps.BaseStepListener - stepStarted: net.thucydides.core.steps.ExecutedStepDescription@713ec32d
[Test worker] WARN net.thucydides.core.steps.BaseStepListener - stepFinished: current outcome::Given than Fabian wants be part of UTest [Fabian open up [Fabian opens the U test page], Fabian sign up [Fabian clicks on Button that shows the form of signup]], When he registers all his personal datas at UTest [Fabian first part [Fabian enters 'MFfarisA' into input box for first name]]
[Test worker] WARN net.thucydides.core.steps.BaseStepListener - stepStarted: net.thucydides.core.steps.ExecutedStepDescription@1b0e9707
[Test worker] WARN net.thucydides.core.steps.BaseStepListener - stepFinished: current outcome::Given than Fabian wants be part of UTest [Fabian open up [Fabian opens the U test page], Fabian sign up [Fabian clicks on Button that shows the form of signup]], When he registers all his personal datas at UTest [Fabian first part [Fabian enters 'MFfarisA' into input box for first name, Fabian enters 'VFMMMf' into input box for last name]]
[Test worker] WARN net.thucydides.core.steps.BaseStepListener - stepStarted: net.thucydides.core.steps.ExecutedStepDescription@f0a66bd
[Test worker] WARN net.thucydides.core.steps.BaseStepListener - stepFinished: current outcome::Given than Fabian wants be part of UTest [Fabian open up [Fabian opens the U test page], Fabian sign up [Fabian clicks on Button that shows the form of signup]], When he registers all his personal datas at UTest [Fabian first part [Fabian enters 'MFfarisA' into input box for first name, Fabian enters 'VFMMMf' into input box for last name, Fabian enters 'MMFMfariaVeg@gmail.com' into input box for email]]
[Test worker] WARN net.thucydides.core.steps.BaseStepListener - stepStarted: net.thucydides.core.steps.ExecutedStepDescription@3b7c80c6
[Test worker] WARN net.thucydides.core.steps.BaseStepListener - stepFinished: current outcome::Given than Fabian wants be part of UTest [Fabian open up [Fabian opens the U test page], Fabian sign up [Fabian clicks on Button that shows the form of signup]], When he registers all his personal datas at UTest [Fabian first part [Fabian enters 'MFfarisA' into input box for first name, Fabian enters 'VFMMMf' into input box for last name, Fabian enters 'MMFMfariaVeg@gmail.com' into input box for email, Fabian enters 'May' into month select]]
[Test worker] WARN net.thucydides.core.steps.BaseStepListener - stepStarted: net.thucydides.core.steps.ExecutedStepDescription@1f43cab7
[Test worker] WARN net.thucydides.core.steps.BaseStepListener - stepFinished: current outcome::Given than Fabian wants be part of UTest [Fabian open up [Fabian opens the U test page], Fabian sign up [Fabian clicks on Button that shows the form of signup]], When he registers all his personal datas at UTest [Fabian first part [Fabian enters 'MFfarisA' into input box for first name, Fabian enters 'VFMMMf' into input box for last name, Fabian enters 'MMFMfariaVeg@gmail.com' into input box for email, Fabian enters 'May' into month select, Fabian enters '13' into day select]]
[Test worker] WARN net.thucydides.core.steps.BaseStepListener - stepStarted: net.thucydides.core.steps.ExecutedStepDescription@63f6bed1
[Test worker] WARN net.thucydides.core.steps.BaseStepListener - stepFinished: current outcome::Given than Fabian wants be part of UTest [Fabian open up [Fabian opens the U test page], Fabian sign up [Fabian clicks on Button that shows the form of signup]], When he registers all his personal datas at UTest [Fabian first part [Fabian enters 'MFfarisA' into input box for first name, Fabian enters 'VFMMMf' into input box for last name, Fabian enters 'MMFMfariaVeg@gmail.com' into input box for email, Fabian enters 'May' into month select, Fabian enters '13' into day select, Fabian enters '1999' into year select]]
[Test worker] WARN net.thucydides.core.steps.BaseStepListener - stepStarted: net.thucydides.core.steps.ExecutedStepDescription@706ddbc8
[Test worker] WARN net.thucydides.core.steps.BaseStepListener - stepFinished: current outcome::Given than Fabian wants be part of UTest [Fabian open up [Fabian opens the U test page], Fabian sign up [Fabian clicks on Button that shows the form of signup]], When he registers all his personal datas at UTest [Fabian first part [Fabian enters 'MFfarisA' into input box for first name, Fabian enters 'VFMMMf' into input box for last name, Fabian enters 'MMFMfariaVeg@gmail.com' into input box for email, Fabian enters 'May' into month select, Fabian enters '13' into day select, Fabian enters '1999' into year select, Fabian clicks on button next: location]]
[Test worker] WARN net.thucydides.core.steps.BaseStepListener - stepFinished: current outcome::Given than Fabian wants be part of UTest [Fabian open up [Fabian opens the U test page], Fabian sign up [Fabian clicks on Button that shows the form of signup]], When he registers all his personal datas at UTest [Fabian first part [Fabian enters 'MFfarisA' into input box for first name, Fabian enters 'VFMMMf' into input box for last name, Fabian enters 'MMFMfariaVeg@gmail.com' into input box for email, Fabian enters 'May' into month select, Fabian enters '13' into day select, Fabian enters '1999' into year select, Fabian clicks on button next: location]]
[Test worker] WARN net.thucydides.core.steps.BaseStepListener - stepStarted: net.thucydides.core.steps.ExecutedStepDescription@66bf40e5
[Test worker] WARN net.thucydides.core.steps.BaseStepListener - stepStarted: net.thucydides.core.steps.ExecutedStepDescription@5099c59b
[Test worker] WARN net.thucydides.core.steps.BaseStepListener - stepFinished: current outcome::Given than Fabian wants be part of UTest [Fabian open up [Fabian opens the U test page], Fabian sign up [Fabian clicks on Button that shows the form of signup]], When he registers all his personal datas at UTest [Fabian first part [Fabian enters 'MFfarisA' into input box for first name, Fabian enters 'VFMMMf' into input box for last name, Fabian enters 'MMFMfariaVeg@gmail.com' into input box for email, Fabian enters 'May' into month select, Fabian enters '13' into day select, Fabian enters '1999' into year select, Fabian clicks on button next: location], Fabian second part [Fabian enters 'BogotÃ¡' into text field city]]
[Test worker] WARN net.thucydides.core.steps.BaseStepListener - stepStarted: net.thucydides.core.steps.ExecutedStepDescription@307e4c44
[Test worker] WARN net.thucydides.core.steps.BaseStepListener - stepFinished: current outcome::Given than Fabian wants be part of UTest [Fabian open up [Fabian opens the U test page], Fabian sign up [Fabian clicks on Button that shows the form of signup]], When he registers all his personal datas at UTest [Fabian first part [Fabian enters 'MFfarisA' into input box for first name, Fabian enters 'VFMMMf' into input box for last name, Fabian enters 'MMFMfariaVeg@gmail.com' into input box for email, Fabian enters 'May' into month select, Fabian enters '13' into day select, Fabian enters '1999' into year select, Fabian clicks on button next: location], Fabian second part [Fabian enters 'BogotÃ¡' into text field city, Fabian types 'ARROW_DOWN' in text field city]]
[Test worker] WARN net.thucydides.core.steps.BaseStepListener - stepStarted: net.thucydides.core.steps.ExecutedStepDescription@13bdf540
[Test worker] WARN net.thucydides.core.steps.BaseStepListener - stepFinished: current outcome::Given than Fabian wants be part of UTest [Fabian open up [Fabian opens the U test page], Fabian sign up [Fabian clicks on Button that shows the form of signup]], When he registers all his personal datas at UTest [Fabian first part [Fabian enters 'MFfarisA' into input box for first name, Fabian enters 'VFMMMf' into input box for last name, Fabian enters 'MMFMfariaVeg@gmail.com' into input box for email, Fabian enters 'May' into month select, Fabian enters '13' into day select, Fabian enters '1999' into year select, Fabian clicks on button next: location], Fabian second part [Fabian enters 'BogotÃ¡' into text field city, Fabian types 'ARROW_DOWN' in text field city, Fabian types 'ENTER' in text field city]]
[Test worker] WARN net.thucydides.core.steps.BaseStepListener - stepStarted: net.thucydides.core.steps.ExecutedStepDescription@36068727
[Test worker] WARN net.thucydides.core.steps.BaseStepListener - stepFinished: current outcome::Given than Fabian wants be part of UTest [Fabian open up [Fabian opens the U test page], Fabian sign up [Fabian clicks on Button that shows the form of signup]], When he registers all his personal datas at UTest [Fabian first part [Fabian enters 'MFfarisA' into input box for first name, Fabian enters 'VFMMMf' into input box for last name, Fabian enters 'MMFMfariaVeg@gmail.com' into input box for email, Fabian enters 'May' into month select, Fabian enters '13' into day select, Fabian enters '1999' into year select, Fabian clicks on button next: location], Fabian second part [Fabian enters 'BogotÃ¡' into text field city, Fabian types 'ARROW_DOWN' in text field city, Fabian types 'ENTER' in text field city, Fabian enters '111166' into text field postal code]]
[Test worker] WARN net.thucydides.core.steps.BaseStepListener - stepStarted: net.thucydides.core.steps.ExecutedStepDescription@6eb089e6
[Test worker] WARN net.thucydides.core.steps.BaseStepListener - stepFinished: current outcome::Given than Fabian wants be part of UTest [Fabian open up [Fabian opens the U test page], Fabian sign up [Fabian clicks on Button that shows the form of signup]], When he registers all his personal datas at UTest [Fabian first part [Fabian enters 'MFfarisA' into input box for first name, Fabian enters 'VFMMMf' into input box for last name, Fabian enters 'MMFMfariaVeg@gmail.com' into input box for email, Fabian enters 'May' into month select, Fabian enters '13' into day select, Fabian enters '1999' into year select, Fabian clicks on button next: location], Fabian second part [Fabian enters 'BogotÃ¡' into text field city, Fabian types 'ARROW_DOWN' in text field city, Fabian types 'ENTER' in text field city, Fabian enters '111166' into text field postal code, Fabian clicks on button next device]]
[Test worker] WARN net.thucydides.core.steps.BaseStepListener - stepFinished: current outcome::Given than Fabian wants be part of UTest [Fabian open up [Fabian opens the U test page], Fabian sign up [Fabian clicks on Button that shows the form of signup]], When he registers all his personal datas at UTest [Fabian first part [Fabian enters 'MFfarisA' into input box for first name, Fabian enters 'VFMMMf' into input box for last name, Fabian enters 'MMFMfariaVeg@gmail.com' into input box for email, Fabian enters 'May' into month select, Fabian enters '13' into day select, Fabian enters '1999' into year select, Fabian clicks on button next: location], Fabian second part [Fabian enters 'BogotÃ¡' into text field city, Fabian types 'ARROW_DOWN' in text field city, Fabian types 'ENTER' in text field city, Fabian enters '111166' into text field postal code, Fabian clicks on button next device]]
[Test worker] WARN net.thucydides.core.steps.BaseStepListener - stepStarted: net.thucydides.core.steps.ExecutedStepDescription@61a2aeb7
[Test worker] WARN net.thucydides.core.steps.BaseStepListener - stepStarted: net.thucydides.core.steps.ExecutedStepDescription@15a3b42
[Test worker] WARN net.thucydides.core.steps.BaseStepListener - stepFinished: current outcome::Given than Fabian wants be part of UTest [Fabian open up [Fabian opens the U test page], Fabian sign up [Fabian clicks on Button that shows the form of signup]], When he registers all his personal datas at UTest [Fabian first part [Fabian enters 'MFfarisA' into input box for first name, Fabian enters 'VFMMMf' into input box for last name, Fabian enters 'MMFMfariaVeg@gmail.com' into input box for email, Fabian enters 'May' into month select, Fabian enters '13' into day select, Fabian enters '1999' into year select, Fabian clicks on button next: location], Fabian second part [Fabian enters 'BogotÃ¡' into text field city, Fabian types 'ARROW_DOWN' in text field city, Fabian types 'ENTER' in text field city, Fabian enters '111166' into text field postal code, Fabian clicks on button next device], Fabian third part [Fabian clicks on select one of computer]]
[Test worker] WARN net.thucydides.core.steps.BaseStepListener - stepStarted: net.thucydides.core.steps.ExecutedStepDescription@f171912
[Test worker] WARN net.thucydides.core.steps.BaseStepListener - stepFinished: current outcome::Given than Fabian wants be part of UTest [Fabian open up [Fabian opens the U test page], Fabian sign up [Fabian clicks on Button that shows the form of signup]], When he registers all his personal datas at UTest [Fabian first part [Fabian enters 'MFfarisA' into input box for first name, Fabian enters 'VFMMMf' into input box for last name, Fabian enters 'MMFMfariaVeg@gmail.com' into input box for email, Fabian enters 'May' into month select, Fabian enters '13' into day select, Fabian enters '1999' into year select, Fabian clicks on button next: location], Fabian second part [Fabian enters 'BogotÃ¡' into text field city, Fabian types 'ARROW_DOWN' in text field city, Fabian types 'ENTER' in text field city, Fabian enters '111166' into text field postal code, Fabian clicks on button next device], Fabian third part [Fabian clicks on select one of computer, Fabian clicks on select one of so computer]]
[Test worker] WARN net.thucydides.core.steps.BaseStepListener - stepStarted: net.thucydides.core.steps.ExecutedStepDescription@78da899f
[Test worker] WARN net.thucydides.core.steps.BaseStepListener - stepFinished: current outcome::Given than Fabian wants be part of UTest [Fabian open up [Fabian opens the U test page], Fabian sign up [Fabian clicks on Button that shows the form of signup]], When he registers all his personal datas at UTest [Fabian first part [Fabian enters 'MFfarisA' into input box for first name, Fabian enters 'VFMMMf' into input box for last name, Fabian enters 'MMFMfariaVeg@gmail.com' into input box for email, Fabian enters 'May' into month select, Fabian enters '13' into day select, Fabian enters '1999' into year select, Fabian clicks on button next: location], Fabian second part [Fabian enters 'BogotÃ¡' into text field city, Fabian types 'ARROW_DOWN' in text field city, Fabian types 'ENTER' in text field city, Fabian enters '111166' into text field postal code, Fabian clicks on button next device], Fabian third part [Fabian clicks on select one of computer, Fabian clicks on select one of so computer, Fabian clicks on select list version]]
[Test worker] WARN net.thucydides.core.steps.BaseStepListener - stepStarted: net.thucydides.core.steps.ExecutedStepDescription@12d2ddde
[Test worker] WARN net.thucydides.core.steps.BaseStepListener - stepFinished: current outcome::Given than Fabian wants be part of UTest [Fabian open up [Fabian opens the U test page], Fabian sign up [Fabian clicks on Button that shows the form of signup]], When he registers all his personal datas at UTest [Fabian first part [Fabian enters 'MFfarisA' into input box for first name, Fabian enters 'VFMMMf' into input box for last name, Fabian enters 'MMFMfariaVeg@gmail.com' into input box for email, Fabian enters 'May' into month select, Fabian enters '13' into day select, Fabian enters '1999' into year select, Fabian clicks on button next: location], Fabian second part [Fabian enters 'BogotÃ¡' into text field city, Fabian types 'ARROW_DOWN' in text field city, Fabian types 'ENTER' in text field city, Fabian enters '111166' into text field postal code, Fabian clicks on button next device], Fabian third part [Fabian clicks on select one of computer, Fabian clicks on select one of so computer, Fabian clicks on select list version, Fabian clicks on select version]]
[Test worker] WARN net.thucydides.core.steps.BaseStepListener - stepStarted: net.thucydides.core.steps.ExecutedStepDescription@5232e3f1
[Test worker] WARN net.thucydides.core.steps.BaseStepListener - stepFinished: current outcome::Given than Fabian wants be part of UTest [Fabian open up [Fabian opens the U test page], Fabian sign up [Fabian clicks on Button that shows the form of signup]], When he registers all his personal datas at UTest [Fabian first part [Fabian enters 'MFfarisA' into input box for first name, Fabian enters 'VFMMMf' into input box for last name, Fabian enters 'MMFMfariaVeg@gmail.com' into input box for email, Fabian enters 'May' into month select, Fabian enters '13' into day select, Fabian enters '1999' into year select, Fabian clicks on button next: location], Fabian second part [Fabian enters 'BogotÃ¡' into text field city, Fabian types 'ARROW_DOWN' in text field city, Fabian types 'ENTER' in text field city, Fabian enters '111166' into text field postal code, Fabian clicks on button next device], Fabian third part [Fabian clicks on select one of computer, Fabian clicks on select one of so computer, Fabian clicks on select list version, Fabian clicks on select version, Fabian clicks on select one languaje]]
[Test worker] WARN net.thucydides.core.steps.BaseStepListener - stepStarted: net.thucydides.core.steps.ExecutedStepDescription@3421debd
[Test worker] WARN net.thucydides.core.steps.BaseStepListener - stepFinished: current outcome::Given than Fabian wants be part of UTest [Fabian open up [Fabian opens the U test page], Fabian sign up [Fabian clicks on Button that shows the form of signup]], When he registers all his personal datas at UTest [Fabian first part [Fabian enters 'MFfarisA' into input box for first name, Fabian enters 'VFMMMf' into input box for last name, Fabian enters 'MMFMfariaVeg@gmail.com' into input box for email, Fabian enters 'May' into month select, Fabian enters '13' into day select, Fabian enters '1999' into year select, Fabian clicks on button next: location], Fabian second part [Fabian enters 'BogotÃ¡' into text field city, Fabian types 'ARROW_DOWN' in text field city, Fabian types 'ENTER' in text field city, Fabian enters '111166' into text field postal code, Fabian clicks on button next device], Fabian third part [Fabian clicks on select one of computer, Fabian clicks on select one of so computer, Fabian clicks on select list version, Fabian clicks on select version, Fabian clicks on select one languaje, Fabian clicks on select one language]]
[Test worker] WARN net.thucydides.core.steps.BaseStepListener - stepStarted: net.thucydides.core.steps.ExecutedStepDescription@40ce9049
[Test worker] WARN net.thucydides.core.steps.BaseStepListener - stepFinished: current outcome::Given than Fabian wants be part of UTest [Fabian open up [Fabian opens the U test page], Fabian sign up [Fabian clicks on Button that shows the form of signup]], When he registers all his personal datas at UTest [Fabian first part [Fabian enters 'MFfarisA' into input box for first name, Fabian enters 'VFMMMf' into input box for last name, Fabian enters 'MMFMfariaVeg@gmail.com' into input box for email, Fabian enters 'May' into month select, Fabian enters '13' into day select, Fabian enters '1999' into year select, Fabian clicks on button next: location], Fabian second part [Fabian enters 'BogotÃ¡' into text field city, Fabian types 'ARROW_DOWN' in text field city, Fabian types 'ENTER' in text field city, Fabian enters '111166' into text field postal code, Fabian clicks on button next device], Fabian third part [Fabian clicks on select one of computer, Fabian clicks on select one of so computer, Fabian clicks on select list version, Fabian clicks on select version, Fabian clicks on select one languaje, Fabian clicks on select one language, Fabian clicks on button next step]]
[Test worker] WARN net.thucydides.core.steps.BaseStepListener - stepFinished: current outcome::Given than Fabian wants be part of UTest [Fabian open up [Fabian opens the U test page], Fabian sign up [Fabian clicks on Button that shows the form of signup]], When he registers all his personal datas at UTest [Fabian first part [Fabian enters 'MFfarisA' into input box for first name, Fabian enters 'VFMMMf' into input box for last name, Fabian enters 'MMFMfariaVeg@gmail.com' into input box for email, Fabian enters 'May' into month select, Fabian enters '13' into day select, Fabian enters '1999' into year select, Fabian clicks on button next: location], Fabian second part [Fabian enters 'BogotÃ¡' into text field city, Fabian types 'ARROW_DOWN' in text field city, Fabian types 'ENTER' in text field city, Fabian enters '111166' into text field postal code, Fabian clicks on button next device], Fabian third part [Fabian clicks on select one of computer, Fabian clicks on select one of so computer, Fabian clicks on select list version, Fabian clicks on select version, Fabian clicks on select one languaje, Fabian clicks on select one language, Fabian clicks on button next step]]
[Test worker] WARN net.thucydides.core.steps.BaseStepListener - stepStarted: net.thucydides.core.steps.ExecutedStepDescription@1a950fdd
[Test worker] WARN net.thucydides.core.steps.BaseStepListener - stepStarted: net.thucydides.core.steps.ExecutedStepDescription@63a9c661
[Test worker] WARN net.thucydides.core.steps.BaseStepListener - stepFinished: current outcome::Given than Fabian wants be part of UTest [Fabian open up [Fabian opens the U test page], Fabian sign up [Fabian clicks on Button that shows the form of signup]], When he registers all his personal datas at UTest [Fabian first part [Fabian enters 'MFfarisA' into input box for first name, Fabian enters 'VFMMMf' into input box for last name, Fabian enters 'MMFMfariaVeg@gmail.com' into input box for email, Fabian enters 'May' into month select, Fabian enters '13' into day select, Fabian enters '1999' into year select, Fabian clicks on button next: location], Fabian second part [Fabian enters 'BogotÃ¡' into text field city, Fabian types 'ARROW_DOWN' in text field city, Fabian types 'ENTER' in text field city, Fabian enters '111166' into text field postal code, Fabian clicks on button next device], Fabian third part [Fabian clicks on select one of computer, Fabian clicks on select one of so computer, Fabian clicks on select list version, Fabian clicks on select version, Fabian clicks on select one languaje, Fabian clicks on select one language, Fabian clicks on button next step], Fabian final part [Fabian enters 'Fabian987654321@' into box password]]
[Test worker] WARN net.thucydides.core.steps.BaseStepListener - stepStarted: net.thucydides.core.steps.ExecutedStepDescription@71664560
[Test worker] WARN net.thucydides.core.steps.BaseStepListener - stepFinished: current outcome::Given than Fabian wants be part of UTest [Fabian open up [Fabian opens the U test page], Fabian sign up [Fabian clicks on Button that shows the form of signup]], When he registers all his personal datas at UTest [Fabian first part [Fabian enters 'MFfarisA' into input box for first name, Fabian enters 'VFMMMf' into input box for last name, Fabian enters 'MMFMfariaVeg@gmail.com' into input box for email, Fabian enters 'May' into month select, Fabian enters '13' into day select, Fabian enters '1999' into year select, Fabian clicks on button next: location], Fabian second part [Fabian enters 'BogotÃ¡' into text field city, Fabian types 'ARROW_DOWN' in text field city, Fabian types 'ENTER' in text field city, Fabian enters '111166' into text field postal code, Fabian clicks on button next device], Fabian third part [Fabian clicks on select one of computer, Fabian clicks on select one of so computer, Fabian clicks on select list version, Fabian clicks on select version, Fabian clicks on select one languaje, Fabian clicks on select one language, Fabian clicks on button next step], Fabian final part [Fabian enters 'Fabian987654321@' into box password, Fabian enters 'Fabian987654321@' into box confirm password]]
[Test worker] WARN net.thucydides.core.steps.BaseStepListener - stepStarted: net.thucydides.core.steps.ExecutedStepDescription@2eada095
[Test worker] WARN net.thucydides.core.steps.BaseStepListener - stepFinished: current outcome::Given than Fabian wants be part of UTest [Fabian open up [Fabian opens the U test page], Fabian sign up [Fabian clicks on Button that shows the form of signup]], When he registers all his personal datas at UTest [Fabian first part [Fabian enters 'MFfarisA' into input box for first name, Fabian enters 'VFMMMf' into input box for last name, Fabian enters 'MMFMfariaVeg@gmail.com' into input box for email, Fabian enters 'May' into month select, Fabian enters '13' into day select, Fabian enters '1999' into year select, Fabian clicks on button next: location], Fabian second part [Fabian enters 'BogotÃ¡' into text field city, Fabian types 'ARROW_DOWN' in text field city, Fabian types 'ENTER' in text field city, Fabian enters '111166' into text field postal code, Fabian clicks on button next device], Fabian third part [Fabian clicks on select one of computer, Fabian clicks on select one of so computer, Fabian clicks on select list version, Fabian clicks on select version, Fabian clicks on select one languaje, Fabian clicks on select one language, Fabian clicks on button next step], Fabian final part [Fabian enters 'Fabian987654321@' into box password, Fabian enters 'Fabian987654321@' into box confirm password, Fabian clicks on check one]]
[Test worker] WARN net.thucydides.core.steps.BaseStepListener - stepStarted: net.thucydides.core.steps.ExecutedStepDescription@3380ca3d
[Test worker] WARN net.thucydides.core.steps.BaseStepListener - stepFinished: current outcome::Given than Fabian wants be part of UTest [Fabian open up [Fabian opens the U test page], Fabian sign up [Fabian clicks on Button that shows the form of signup]], When he registers all his personal datas at UTest [Fabian first part [Fabian enters 'MFfarisA' into input box for first name, Fabian enters 'VFMMMf' into input box for last name, Fabian enters 'MMFMfariaVeg@gmail.com' into input box for email, Fabian enters 'May' into month select, Fabian enters '13' into day select, Fabian enters '1999' into year select, Fabian clicks on button next: location], Fabian second part [Fabian enters 'BogotÃ¡' into text field city, Fabian types 'ARROW_DOWN' in text field city, Fabian types 'ENTER' in text field city, Fabian enters '111166' into text field postal code, Fabian clicks on button next device], Fabian third part [Fabian clicks on select one of computer, Fabian clicks on select one of so computer, Fabian clicks on select list version, Fabian clicks on select version, Fabian clicks on select one languaje, Fabian clicks on select one language, Fabian clicks on button next step], Fabian final part [Fabian enters 'Fabian987654321@' into box password, Fabian enters 'Fabian987654321@' into box confirm password, Fabian clicks on check one, Fabian clicks on check two]]
[Test worker] WARN net.thucydides.core.steps.BaseStepListener - stepStarted: net.thucydides.core.steps.ExecutedStepDescription@383cb5ce
[Test worker] WARN net.thucydides.core.steps.BaseStepListener - stepFinished: current outcome::Given than Fabian wants be part of UTest [Fabian open up [Fabian opens the U test page], Fabian sign up [Fabian clicks on Button that shows the form of signup]], When he registers all his personal datas at UTest [Fabian first part [Fabian enters 'MFfarisA' into input box for first name, Fabian enters 'VFMMMf' into input box for last name, Fabian enters 'MMFMfariaVeg@gmail.com' into input box for email, Fabian enters 'May' into month select, Fabian enters '13' into day select, Fabian enters '1999' into year select, Fabian clicks on button next: location], Fabian second part [Fabian enters 'BogotÃ¡' into text field city, Fabian types 'ARROW_DOWN' in text field city, Fabian types 'ENTER' in text field city, Fabian enters '111166' into text field postal code, Fabian clicks on button next device], Fabian third part [Fabian clicks on select one of computer, Fabian clicks on select one of so computer, Fabian clicks on select list version, Fabian clicks on select version, Fabian clicks on select one languaje, Fabian clicks on select one language, Fabian clicks on button next step], Fabian final part [Fabian enters 'Fabian987654321@' into box password, Fabian enters 'Fabian987654321@' into box confirm password, Fabian clicks on check one, Fabian clicks on check two, Fabian clicks on button of finish form]]
[Test worker] WARN net.thucydides.core.steps.BaseStepListener - stepFinished: current outcome::Given than Fabian wants be part of UTest [Fabian open up [Fabian opens the U test page], Fabian sign up [Fabian clicks on Button that shows the form of signup]], When he registers all his personal datas at UTest [Fabian first part [Fabian enters 'MFfarisA' into input box for first name, Fabian enters 'VFMMMf' into input box for last name, Fabian enters 'MMFMfariaVeg@gmail.com' into input box for email, Fabian enters 'May' into month select, Fabian enters '13' into day select, Fabian enters '1999' into year select, Fabian clicks on button next: location], Fabian second part [Fabian enters 'BogotÃ¡' into text field city, Fabian types 'ARROW_DOWN' in text field city, Fabian types 'ENTER' in text field city, Fabian enters '111166' into text field postal code, Fabian clicks on button next device], Fabian third part [Fabian clicks on select one of computer, Fabian clicks on select one of so computer, Fabian clicks on select list version, Fabian clicks on select version, Fabian clicks on select one languaje, Fabian clicks on select one language, Fabian clicks on button next step], Fabian final part [Fabian enters 'Fabian987654321@' into box password, Fabian enters 'Fabian987654321@' into box confirm password, Fabian clicks on check one, Fabian clicks on check two, Fabian clicks on button of finish form]]
[Test worker] WARN net.thucydides.core.steps.BaseStepListener - stepFinished: current outcome::Given than Fabian wants be part of UTest [Fabian open up [Fabian opens the U test page], Fabian sign up [Fabian clicks on Button that shows the form of signup]], When he registers all his personal datas at UTest [Fabian first part [Fabian enters 'MFfarisA' into input box for first name, Fabian enters 'VFMMMf' into input box for last name, Fabian enters 'MMFMfariaVeg@gmail.com' into input box for email, Fabian enters 'May' into month select, Fabian enters '13' into day select, Fabian enters '1999' into year select, Fabian clicks on button next: location], Fabian second part [Fabian enters 'BogotÃ¡' into text field city, Fabian types 'ARROW_DOWN' in text field city, Fabian types 'ENTER' in text field city, Fabian enters '111166' into text field postal code, Fabian clicks on button next device], Fabian third part [Fabian clicks on select one of computer, Fabian clicks on select one of so computer, Fabian clicks on select list version, Fabian clicks on select version, Fabian clicks on select one languaje, Fabian clicks on select one language, Fabian clicks on button next step], Fabian final part [Fabian enters 'Fabian987654321@' into box password, Fabian enters 'Fabian987654321@' into box confirm password, Fabian clicks on check one, Fabian clicks on check two, Fabian clicks on button of finish form]]
[Test worker] WARN net.thucydides.core.steps.BaseStepListener - stepStarted: net.thucydides.core.steps.ExecutedStepDescription@42ef042a
[Test worker] WARN net.thucydides.core.steps.BaseStepListener - stepStarted: net.thucydides.core.steps.ExecutedStepDescription@78c262ba
[Test worker] WARN net.thucydides.core.steps.BaseStepListener - stepFinished: current outcome::Given than Fabian wants be part of UTest [Fabian open up [Fabian opens the U test page], Fabian sign up [Fabian clicks on Button that shows the form of signup]], When he registers all his personal datas at UTest [Fabian first part [Fabian enters 'MFfarisA' into input box for first name, Fabian enters 'VFMMMf' into input box for last name, Fabian enters 'MMFMfariaVeg@gmail.com' into input box for email, Fabian enters 'May' into month select, Fabian enters '13' into day select, Fabian enters '1999' into year select, Fabian clicks on button next: location], Fabian second part [Fabian enters 'BogotÃ¡' into text field city, Fabian types 'ARROW_DOWN' in text field city, Fabian types 'ENTER' in text field city, Fabian enters '111166' into text field postal code, Fabian clicks on button next device], Fabian third part [Fabian clicks on select one of computer, Fabian clicks on select one of so computer, Fabian clicks on select list version, Fabian clicks on select version, Fabian clicks on select one languaje, Fabian clicks on select one language, Fabian clicks on button next step], Fabian final part [Fabian enters 'Fabian987654321@' into box password, Fabian enters 'Fabian987654321@' into box confirm password, Fabian clicks on check one, Fabian clicks on check two, Fabian clicks on button of finish form]], Then he registered and he sees Welcome to the world's largest community of freelance software testers! [Then answer]
[Test worker] WARN net.thucydides.core.steps.BaseStepListener - stepFinished: current outcome::Given than Fabian wants be part of UTest [Fabian open up [Fabian opens the U test page], Fabian sign up [Fabian clicks on Button that shows the form of signup]], When he registers all his personal datas at UTest [Fabian first part [Fabian enters 'MFfarisA' into input box for first name, Fabian enters 'VFMMMf' into input box for last name, Fabian enters 'MMFMfariaVeg@gmail.com' into input box for email, Fabian enters 'May' into month select, Fabian enters '13' into day select, Fabian enters '1999' into year select, Fabian clicks on button next: location], Fabian second part [Fabian enters 'BogotÃ¡' into text field city, Fabian types 'ARROW_DOWN' in text field city, Fabian types 'ENTER' in text field city, Fabian enters '111166' into text field postal code, Fabian clicks on button next device], Fabian third part [Fabian clicks on select one of computer, Fabian clicks on select one of so computer, Fabian clicks on select list version, Fabian clicks on select version, Fabian clicks on select one languaje, Fabian clicks on select one language, Fabian clicks on button next step], Fabian final part [Fabian enters 'Fabian987654321@' into box password, Fabian enters 'Fabian987654321@' into box confirm password, Fabian clicks on check one, Fabian clicks on check two, Fabian clicks on button of finish form]], Then he registered and he sees Welcome to the world's largest community of freelance software testers! [Then answer]
[Test worker] WARN net.thucydides.core.steps.BaseStepListener - testFinished: :Given than Fabian wants be part of UTest [Fabian open up [Fabian opens the U test page], Fabian sign up [Fabian clicks on Button that shows the form of signup]], When he registers all his personal datas at UTest [Fabian first part [Fabian enters 'MFfarisA' into input box for first name, Fabian enters 'VFMMMf' into input box for last name, Fabian enters 'MMFMfariaVeg@gmail.com' into input box for email, Fabian enters 'May' into month select, Fabian enters '13' into day select, Fabian enters '1999' into year select, Fabian clicks on button next: location], Fabian second part [Fabian enters 'BogotÃ¡' into text field city, Fabian types 'ARROW_DOWN' in text field city, Fabian types 'ENTER' in text field city, Fabian enters '111166' into text field postal code, Fabian clicks on button next device], Fabian third part [Fabian clicks on select one of computer, Fabian clicks on select one of so computer, Fabian clicks on select list version, Fabian clicks on select version, Fabian clicks on select one languaje, Fabian clicks on select one language, Fabian clicks on button next step], Fabian final part [Fabian enters 'Fabian987654321@' into box password, Fabian enters 'Fabian987654321@' into box confirm password, Fabian clicks on check one, Fabian clicks on check two, Fabian clicks on button of finish form]], Then he registered and he sees Welcome to the world's largest community of freelance software testers! [Then answer]
[Test worker] WARN net.thucydides.core.steps.BaseStepListener - TestOutcomes: [:Given than Fabian wants be part of UTest [Fabian open up [Fabian opens the U test page], Fabian sign up [Fabian clicks on Button that shows the form of signup]], When he registers all his personal datas at UTest [Fabian first part [Fabian enters 'MFfarisA' into input box for first name, Fabian enters 'VFMMMf' into input box for last name, Fabian enters 'MMFMfariaVeg@gmail.com' into input box for email, Fabian enters 'May' into month select, Fabian enters '13' into day select, Fabian enters '1999' into year select, Fabian clicks on button next: location], Fabian second part [Fabian enters 'BogotÃ¡' into text field city, Fabian types 'ARROW_DOWN' in text field city, Fabian types 'ENTER' in text field city, Fabian enters '111166' into text field postal code, Fabian clicks on button next device], Fabian third part [Fabian clicks on select one of computer, Fabian clicks on select one of so computer, Fabian clicks on select list version, Fabian clicks on select version, Fabian clicks on select one languaje, Fabian clicks on select one language, Fabian clicks on button next step], Fabian final part [Fabian enters 'Fabian987654321@' into box password, Fabian enters 'Fabian987654321@' into box confirm password, Fabian clicks on check one, Fabian clicks on check two, Fabian clicks on button of finish form]], Then he registered and he sees Welcome to the world's largest community of freelance software testers! [Then answer]]
[Test worker] WARN net.thucydides.core.steps.BaseStepListener - Final testOutcomes: [:Given than Fabian wants be part of UTest [Fabian open up [Fabian opens the U test page], Fabian sign up [Fabian clicks on Button that shows the form of signup]], When he registers all his personal datas at UTest [Fabian first part [Fabian enters 'MFfarisA' into input box for first name, Fabian enters 'VFMMMf' into input box for last name, Fabian enters 'MMFMfariaVeg@gmail.com' into input box for email, Fabian enters 'May' into month select, Fabian enters '13' into day select, Fabian enters '1999' into year select, Fabian clicks on button next: location], Fabian second part [Fabian enters 'BogotÃ¡' into text field city, Fabian types 'ARROW_DOWN' in text field city, Fabian types 'ENTER' in text field city, Fabian enters '111166' into text field postal code, Fabian clicks on button next device], Fabian third part [Fabian clicks on select one of computer, Fabian clicks on select one of so computer, Fabian clicks on select list version, Fabian clicks on select version, Fabian clicks on select one languaje, Fabian clicks on select one language, Fabian clicks on button next step], Fabian final part [Fabian enters 'Fabian987654321@' into box password, Fabian enters 'Fabian987654321@' into box confirm password, Fabian clicks on check one, Fabian clicks on check two, Fabian clicks on button of finish form]], Then he registered and he sees Welcome to the world's largest community of freelance software testers! [Then answer]]
[Test worker] INFO net.thucydides.core.steps.ConsoleLoggingListener - 
        __    _____ _____ ____ _____   ____   _    ____  ____  _____ ____  
  _     \ \  |_   _| ____/ ___|_   _| |  _ \ / \  / ___|/ ___|| ____|  _ \ 
 (_)_____| |   | | |  _| \___ \ | |   | |_) / _ \ \___ \\___ \|  _| | | | |
  _|_____| |   | | | |___ ___) || |   |  __/ ___ \ ___) |___) | |___| |_| |
 (_)     | |   |_| |_____|____/ |_|   |_| /_/   \_\____/|____/|_____|____/ 
        /_/                                                                

TEST PASSED: 
----------------------------------------------------------------------------
]]></system-err>
</testsuite>
